<?xml version="1.0" encoding="UTF-8"?>
<!-- Generated by org.testng.reporters.JUnitXMLReporter -->
<testsuite ignored="0" hostname="DESKTOP-UA7G0ND" failures="0" tests="2" name="Error Validation Test" time="27.426" errors="0" timestamp="2024-08-27T14:13:00 IST">
  <testcase classname="MavenFramework.tests.ErrorValidationTest" name="LoginErrorValidation" time="1.348"/>
  <testcase classname="MavenFramework.tests.ErrorValidationTest" name="ProductErrorValidation" time="17.002"/>
</testsuite> <!-- Error Validation Test -->
