<?xml version="1.0" encoding="UTF-8"?>
<!-- Generated by org.testng.reporters.JUnitXMLReporter -->
<testsuite ignored="0" hostname="DESKTOP-UA7G0ND" failures="0" tests="2" name="Error Validation Test" time="22.726" errors="0" timestamp="2024-08-27T14:48:02 GMT+05:30">
  <testcase classname="MavenFramework.tests.ErrorValidationTest" name="LoginErrorValidation" time="0.906"/>
  <testcase classname="MavenFramework.tests.ErrorValidationTest" name="ProductErrorValidation" time="10.617"/>
</testsuite> <!-- Error Validation Test -->
