<?xml version="1.0" encoding="UTF-8"?>
<testng-results ignored="0" total="4" passed="4" failed="0" skipped="0">
  <reporter-output>
  </reporter-output>
  <suite started-at="2024-08-27T14:47:38 GMT+05:30" name="Suite" finished-at="2024-08-27T14:48:41 GMT+05:30" duration-ms="62780">
    <groups>
      <group name="ErrorHandling">
        <method signature="ErrorValidationTest.LoginErrorValidation()[pri:0, instance:MavenFramework.tests.ErrorValidationTest@6f36c2f0]" name="LoginErrorValidation" class="MavenFramework.tests.ErrorValidationTest"/>
      </group> <!-- ErrorHandling -->
      <group name="PurchaseOrder">
        <method signature="SubmitOrderTest.submitOrder(java.util.HashMap)[pri:0, instance:MavenFramework.tests.SubmitOrderTest@26abb146]" name="submitOrder" class="MavenFramework.tests.SubmitOrderTest"/>
      </group> <!-- PurchaseOrder -->
    </groups>
    <test started-at="2024-08-27T14:47:38 GMT+05:30" name="Error Validation Test" finished-at="2024-08-27T14:48:01 GMT+05:30" duration-ms="22726">
      <class name="MavenFramework.tests.ErrorValidationTest">
        <test-method is-config="true" signature="launchApplication()[pri:0, instance:MavenFramework.tests.ErrorValidationTest@6f36c2f0]" started-at="2024-08-27T14:47:38 GMT+05:30" name="launchApplication" finished-at="2024-08-27T14:47:46 GMT+05:30" duration-ms="7668" status="PASS">
          <reporter-output>
          </reporter-output>
        </test-method> <!-- launchApplication -->
        <test-method signature="LoginErrorValidation()[pri:0, instance:MavenFramework.tests.ErrorValidationTest@6f36c2f0]" started-at="2024-08-27T14:47:46 GMT+05:30" name="LoginErrorValidation" finished-at="2024-08-27T14:47:47 GMT+05:30" duration-ms="906" status="PASS">
          <reporter-output>
          </reporter-output>
        </test-method> <!-- LoginErrorValidation -->
        <test-method is-config="true" signature="quitDriver()[pri:0, instance:MavenFramework.tests.ErrorValidationTest@6f36c2f0]" started-at="2024-08-27T14:47:47 GMT+05:30" name="quitDriver" finished-at="2024-08-27T14:47:47 GMT+05:30" duration-ms="397" status="PASS">
          <reporter-output>
          </reporter-output>
        </test-method> <!-- quitDriver -->
        <test-method is-config="true" signature="launchApplication()[pri:0, instance:MavenFramework.tests.ErrorValidationTest@6f36c2f0]" started-at="2024-08-27T14:47:47 GMT+05:30" name="launchApplication" finished-at="2024-08-27T14:47:50 GMT+05:30" duration-ms="2659" status="PASS">
          <reporter-output>
          </reporter-output>
        </test-method> <!-- launchApplication -->
        <test-method signature="ProductErrorValidation()[pri:0, instance:MavenFramework.tests.ErrorValidationTest@6f36c2f0]" started-at="2024-08-27T14:47:50 GMT+05:30" name="ProductErrorValidation" finished-at="2024-08-27T14:48:01 GMT+05:30" duration-ms="10617" status="PASS">
          <reporter-output>
          </reporter-output>
        </test-method> <!-- ProductErrorValidation -->
        <test-method is-config="true" signature="quitDriver()[pri:0, instance:MavenFramework.tests.ErrorValidationTest@6f36c2f0]" started-at="2024-08-27T14:48:01 GMT+05:30" name="quitDriver" finished-at="2024-08-27T14:48:01 GMT+05:30" duration-ms="419" status="PASS">
          <reporter-output>
          </reporter-output>
        </test-method> <!-- quitDriver -->
      </class> <!-- MavenFramework.tests.ErrorValidationTest -->
    </test> <!-- Error Validation Test -->
    <test started-at="2024-08-27T14:47:38 GMT+05:30" name="Submit Order Test" finished-at="2024-08-27T14:48:41 GMT+05:30" duration-ms="62780">
      <class name="MavenFramework.tests.SubmitOrderTest">
        <test-method is-config="true" signature="launchApplication()[pri:0, instance:MavenFramework.tests.SubmitOrderTest@26abb146]" started-at="2024-08-27T14:47:39 GMT+05:30" name="launchApplication" finished-at="2024-08-27T14:47:45 GMT+05:30" duration-ms="6526" status="PASS">
          <reporter-output>
          </reporter-output>
        </test-method> <!-- launchApplication -->
        <test-method signature="submitOrder(java.util.HashMap)[pri:0, instance:MavenFramework.tests.SubmitOrderTest@26abb146]" started-at="2024-08-27T14:47:45 GMT+05:30" name="submitOrder" data-provider="getData" finished-at="2024-08-27T14:48:12 GMT+05:30" duration-ms="27116" status="PASS">
          <params>
            <param index="0">
              <value>
                <![CDATA[{password=harry@Code5, email=harrysindhia@gmail.com, targetProducts=[ZARA COAT 3, ADIDAS ORIGINAL, IPHONE 13 PRO]}]]>
              </value>
            </param>
          </params>
          <reporter-output>
          </reporter-output>
        </test-method> <!-- submitOrder -->
        <test-method is-config="true" signature="quitDriver()[pri:0, instance:MavenFramework.tests.SubmitOrderTest@26abb146]" started-at="2024-08-27T14:48:12 GMT+05:30" name="quitDriver" finished-at="2024-08-27T14:48:13 GMT+05:30" duration-ms="253" status="PASS">
          <reporter-output>
          </reporter-output>
        </test-method> <!-- quitDriver -->
        <test-method is-config="true" signature="launchApplication()[pri:0, instance:MavenFramework.tests.SubmitOrderTest@26abb146]" started-at="2024-08-27T14:48:13 GMT+05:30" name="launchApplication" finished-at="2024-08-27T14:48:15 GMT+05:30" duration-ms="2189" status="PASS">
          <reporter-output>
          </reporter-output>
        </test-method> <!-- launchApplication -->
        <test-method signature="submitOrder(java.util.HashMap)[pri:0, instance:MavenFramework.tests.SubmitOrderTest@26abb146]" started-at="2024-08-27T14:48:15 GMT+05:30" name="submitOrder" data-provider="getData" finished-at="2024-08-27T14:48:41 GMT+05:30" duration-ms="26084" status="PASS">
          <params>
            <param index="0">
              <value>
                <![CDATA[{password=harryCode@5, email=harrycoder@gmail.com, targetProducts=[ZARA COAT 3, ADIDAS ORIGINAL, IPHONE 13 PRO]}]]>
              </value>
            </param>
          </params>
          <reporter-output>
          </reporter-output>
        </test-method> <!-- submitOrder -->
        <test-method is-config="true" signature="quitDriver()[pri:0, instance:MavenFramework.tests.SubmitOrderTest@26abb146]" started-at="2024-08-27T14:48:41 GMT+05:30" name="quitDriver" finished-at="2024-08-27T14:48:41 GMT+05:30" duration-ms="273" status="PASS">
          <reporter-output>
          </reporter-output>
        </test-method> <!-- quitDriver -->
      </class> <!-- MavenFramework.tests.SubmitOrderTest -->
    </test> <!-- Submit Order Test -->
  </suite> <!-- Suite -->
</testng-results>
