<?xml version="1.0" encoding="UTF-8"?>
<testng-results ignored="0" total="4" passed="4" failed="0" skipped="0">
  <reporter-output>
  </reporter-output>
  <suite started-at="2024-08-27T14:12:32 IST" name="Suite" finished-at="2024-08-27T14:13:32 IST" duration-ms="59360">
    <groups>
      <group name="ErrorHandling">
        <method signature="ErrorValidationTest.LoginErrorValidation()[pri:0, instance:MavenFramework.tests.ErrorValidationTest@d2de489]" name="LoginErrorValidation" class="MavenFramework.tests.ErrorValidationTest"/>
      </group> <!-- ErrorHandling -->
      <group name="PurchaseOrder">
        <method signature="SubmitOrderTest.submitOrder(java.util.HashMap)[pri:0, instance:MavenFramework.tests.SubmitOrderTest@2de56eb2]" name="submitOrder" class="MavenFramework.tests.SubmitOrderTest"/>
      </group> <!-- PurchaseOrder -->
    </groups>
    <test started-at="2024-08-27T14:12:32 IST" name="Error Validation Test" finished-at="2024-08-27T14:13:00 IST" duration-ms="27426">
      <class name="MavenFramework.tests.ErrorValidationTest">
        <test-method is-config="true" signature="launchApplication()[pri:0, instance:MavenFramework.tests.ErrorValidationTest@d2de489]" started-at="2024-08-27T14:12:33 IST" name="launchApplication" finished-at="2024-08-27T14:12:38 IST" duration-ms="5861" status="PASS">
          <reporter-output>
          </reporter-output>
        </test-method> <!-- launchApplication -->
        <test-method signature="LoginErrorValidation()[pri:0, instance:MavenFramework.tests.ErrorValidationTest@d2de489]" started-at="2024-08-27T14:12:38 IST" name="LoginErrorValidation" finished-at="2024-08-27T14:12:40 IST" duration-ms="1348" status="PASS">
          <reporter-output>
          </reporter-output>
        </test-method> <!-- LoginErrorValidation -->
        <test-method is-config="true" signature="quitDriver()[pri:0, instance:MavenFramework.tests.ErrorValidationTest@d2de489]" started-at="2024-08-27T14:12:40 IST" name="quitDriver" finished-at="2024-08-27T14:12:40 IST" duration-ms="279" status="PASS">
          <reporter-output>
          </reporter-output>
        </test-method> <!-- quitDriver -->
        <test-method is-config="true" signature="launchApplication()[pri:0, instance:MavenFramework.tests.ErrorValidationTest@d2de489]" started-at="2024-08-27T14:12:40 IST" name="launchApplication" finished-at="2024-08-27T14:12:43 IST" duration-ms="2664" status="PASS">
          <reporter-output>
          </reporter-output>
        </test-method> <!-- launchApplication -->
        <test-method signature="ProductErrorValidation()[pri:0, instance:MavenFramework.tests.ErrorValidationTest@d2de489]" started-at="2024-08-27T14:12:43 IST" name="ProductErrorValidation" finished-at="2024-08-27T14:13:00 IST" duration-ms="17002" status="PASS">
          <reporter-output>
          </reporter-output>
        </test-method> <!-- ProductErrorValidation -->
        <test-method is-config="true" signature="quitDriver()[pri:0, instance:MavenFramework.tests.ErrorValidationTest@d2de489]" started-at="2024-08-27T14:13:00 IST" name="quitDriver" finished-at="2024-08-27T14:13:00 IST" duration-ms="236" status="PASS">
          <reporter-output>
          </reporter-output>
        </test-method> <!-- quitDriver -->
      </class> <!-- MavenFramework.tests.ErrorValidationTest -->
    </test> <!-- Error Validation Test -->
    <test started-at="2024-08-27T14:12:32 IST" name="Submit Order Test" finished-at="2024-08-27T14:13:32 IST" duration-ms="59360">
      <class name="MavenFramework.tests.SubmitOrderTest">
        <test-method is-config="true" signature="launchApplication()[pri:0, instance:MavenFramework.tests.SubmitOrderTest@2de56eb2]" started-at="2024-08-27T14:12:33 IST" name="launchApplication" finished-at="2024-08-27T14:12:41 IST" duration-ms="8560" status="PASS">
          <reporter-output>
          </reporter-output>
        </test-method> <!-- launchApplication -->
        <test-method signature="submitOrder(java.util.HashMap)[pri:0, instance:MavenFramework.tests.SubmitOrderTest@2de56eb2]" started-at="2024-08-27T14:12:41 IST" name="submitOrder" data-provider="getData" finished-at="2024-08-27T14:13:02 IST" duration-ms="21173" status="PASS">
          <params>
            <param index="0">
              <value>
                <![CDATA[{password=harry@Code5, email=harrysindhia@gmail.com, targetProducts=[ZARA COAT 3, ADIDAS ORIGINAL, IPHONE 13 PRO]}]]>
              </value>
            </param>
          </params>
          <reporter-output>
          </reporter-output>
        </test-method> <!-- submitOrder -->
        <test-method is-config="true" signature="quitDriver()[pri:0, instance:MavenFramework.tests.SubmitOrderTest@2de56eb2]" started-at="2024-08-27T14:13:02 IST" name="quitDriver" finished-at="2024-08-27T14:13:03 IST" duration-ms="221" status="PASS">
          <reporter-output>
          </reporter-output>
        </test-method> <!-- quitDriver -->
        <test-method is-config="true" signature="launchApplication()[pri:0, instance:MavenFramework.tests.SubmitOrderTest@2de56eb2]" started-at="2024-08-27T14:13:03 IST" name="launchApplication" finished-at="2024-08-27T14:13:05 IST" duration-ms="2010" status="PASS">
          <reporter-output>
          </reporter-output>
        </test-method> <!-- launchApplication -->
        <test-method signature="submitOrder(java.util.HashMap)[pri:0, instance:MavenFramework.tests.SubmitOrderTest@2de56eb2]" started-at="2024-08-27T14:13:05 IST" name="submitOrder" data-provider="getData" finished-at="2024-08-27T14:13:32 IST" duration-ms="26927" status="PASS">
          <params>
            <param index="0">
              <value>
                <![CDATA[{password=harryCode@5, email=harrycoder@gmail.com, targetProducts=[ZARA COAT 3, ADIDAS ORIGINAL, IPHONE 13 PRO]}]]>
              </value>
            </param>
          </params>
          <reporter-output>
          </reporter-output>
        </test-method> <!-- submitOrder -->
        <test-method is-config="true" signature="quitDriver()[pri:0, instance:MavenFramework.tests.SubmitOrderTest@2de56eb2]" started-at="2024-08-27T14:13:32 IST" name="quitDriver" finished-at="2024-08-27T14:13:32 IST" duration-ms="208" status="PASS">
          <reporter-output>
          </reporter-output>
        </test-method> <!-- quitDriver -->
      </class> <!-- MavenFramework.tests.SubmitOrderTest -->
    </test> <!-- Submit Order Test -->
  </suite> <!-- Suite -->
</testng-results>
